probe rows: 70
sheet books: 70
total omitted digits: 195 (claim: 195)
books failing byte-exact render: 67
omitted-digit codes: {'02': 2, '03': 11, '04': 6, '06': 1, '09': 1, '10': 1, '11': 4, '12': 18, '15': 1, '18': 4, '21': 2, '25': 1, '28': 3, '29': 7, '31': 12, '32': 1, '35': 5, '42': 2, '43': 1, '44': 1, '45': 1, '46': 14, '47': 4, '48': 6, '49': 1, '50': 1, '51': 9, '52': 2, '54': 1, '55': 2, '57': 5, '59': 4, '60': 1, '61': 1, '64': 10, '65': 5, '66': 1, '67': 1, '70': 2, '74': 10, '77': 1, '79': 1, '80': 1, '83': 1, '84': 2, '89': 2, '92': 2, '94': 3, '95': 1, '96': 9, '97': 1, '99': 1}

=== slice A_full (2000 perms) ===
  d=1: obs=92/555 perm=72.8+-7.5 z=+2.57 p_lo=0.9970 p_hi=0.0060
  d=2: obs=24/574 perm=69.6+-7.4 z=-6.18 p_lo=0.0000 p_hi=1.0000
  d=3: obs=41/749 perm=96.4+-8.4 z=-6.56 p_lo=0.0000 p_hi=1.0000
  d=4: obs=88/663 perm=87.7+-8.3 z=+0.04 p_lo=0.5545 p_hi=0.4910
  d=5: obs=146/708 perm=95.0+-8.5 z=+6.03 p_lo=1.0000 p_hi=0.0000
  d=6: obs=87/612 perm=73.6+-7.6 z=+1.76 p_lo=0.9655 p_hi=0.0445

=== slice B_no_star (2000 perms) ===
  d=1: obs=92/555 perm=72.8+-7.5 z=+2.57 p_lo=0.9970 p_hi=0.0060
  d=2: obs=24/574 perm=69.6+-7.4 z=-6.18 p_lo=0.0000 p_hi=1.0000
  d=3: obs=41/749 perm=96.4+-8.4 z=-6.56 p_lo=0.0000 p_hi=1.0000
  d=4: obs=88/663 perm=87.7+-8.3 z=+0.04 p_lo=0.5545 p_hi=0.4910
  d=5: obs=143/705 perm=92.0+-8.5 z=+6.03 p_lo=1.0000 p_hi=0.0000
  d=6: obs=87/612 perm=73.6+-7.6 z=+1.76 p_lo=0.9655 p_hi=0.0445

=== slice C_no_star_no_0x (2000 perms) ===
  d=1: obs=82/442 perm=67.0+-7.2 z=+2.09 p_lo=0.9830 p_hi=0.0235
  d=2: obs=24/445 perm=65.4+-7.1 z=-5.82 p_lo=0.0000 p_hi=1.0000
  d=3: obs=41/618 perm=91.3+-8.2 z=-6.12 p_lo=0.0000 p_hi=1.0000
  d=4: obs=83/515 perm=83.1+-8.0 z=-0.01 p_lo=0.5290 p_hi=0.5200
  d=5: obs=140/606 perm=88.7+-8.3 z=+6.20 p_lo=1.0000 p_hi=0.0000
  d=6: obs=86/471 perm=68.7+-7.3 z=+2.36 p_lo=0.9930 p_hi=0.0095

=== per-book deficit at d in {2,3} (no star) ===
books with deficit: 59, surplus: 2, ~zero: 9 (of 70)
5 strongest deficits (diff, book, obs, perm_mean, npairs):
   -5.8 57 obs=1 perm=6.8 n=31
   -5.0 31 obs=0 perm=5.0 n=37
   -3.8 19 obs=0 perm=3.8 n=22
   -3.2 56 obs=0 perm=3.2 n=33
   -3.0 5 obs=1 perm=4.0 n=34
total deficit=-100.8; top-5 books share=20.65%
sign test (deficit books 59/61): p=8.205e-16
