tokens: 5609

===== RAW-CHOICE READABILITY, FULL =====
  S1_bacon_fwd_chiE      obs= 584.8482 ctl= 682.3182+-283.3007 z= -0.34
  S1_bacon_fwd_chiG      obs= 872.6548 ctl=1867.8040+-929.4655 z= -1.07
  S1_bacon_fwd_ioc       obs=   0.0419 ctl=   0.0387+-  0.0038 z= +0.84
  S1_bacon_fwd_valid     obs=   0.8269 ctl=   0.7879+-  0.0288 z= +1.35
  S1_bacon_rev_chiE      obs=1264.8673 ctl= 701.6167+-315.2629 z= +1.79
  S1_bacon_rev_chiG      obs= 796.7586 ctl=1399.5362+-743.2987 z= -0.81
  S1_bacon_rev_ioc       obs=   0.0425 ctl=   0.0386+-  0.0035 z= +1.12
  S1_bacon_rev_valid     obs=   0.7596 ctl=   0.7702+-  0.0275 z= -0.39
  S1_bias                obs=   0.0267 ctl=   0.0267+-  0.0000 z=  +nan
  S1_print7              obs=   0.6622 ctl=   0.7262+-  0.0446 z= -1.44
  S1_print8              obs=   0.2923 ctl=   0.3407+-  0.0500 z= -0.97
  S1_runs_z_abs          obs=   1.4254 ctl=   0.9807+-  0.6715 z= +0.66
  S2B_bacon_fwd_chiE     obs= 587.7419 ctl= 430.8442+-264.0340 z= +0.59
  S2B_bacon_fwd_chiG     obs=1158.2497 ctl= 757.8132+-621.0418 z= +0.64
  S2B_bacon_fwd_ioc      obs=   0.0397 ctl=   0.0415+-  0.0100 z= -0.19
  S2B_bacon_fwd_valid    obs=   0.7368 ctl=   0.7168+-  0.0482 z= +0.41
  S2B_bacon_rev_chiE     obs= 518.7076 ctl= 449.0185+-265.3000 z= +0.26
  S2B_bacon_rev_chiG     obs=1094.1925 ctl= 900.2785+-686.9030 z= +0.28
  S2B_bacon_rev_ioc      obs=   0.0414 ctl=   0.0398+-  0.0103 z= +0.15
  S2B_bacon_rev_valid    obs=   0.7895 ctl=   0.7275+-  0.0481 z= +1.29
  S2B_bias               obs=   0.0759 ctl=   0.0759+-  0.0000 z=  +nan
  S2B_print7             obs=   0.8889 ctl=   0.7894+-  0.0681 z= +1.46
  S2B_print8             obs=   0.3913 ctl=   0.2609+-  0.0718 z= +1.82
  S2B_runs_z_abs         obs=   1.7381 ctl=   0.7382+-  0.5198 z= +1.92
  S2S_bacon_fwd_chiE     obs= 668.3776 ctl= 469.2765+-273.2919 z= +0.73
  S2S_bacon_fwd_chiG     obs= 782.5186 ctl= 896.1466+-573.3097 z= -0.20
  S2S_bacon_fwd_ioc      obs=   0.0573 ctl=   0.0399+-  0.0072 z= +2.41
  S2S_bacon_fwd_valid    obs=   0.8542 ctl=   0.8152+-  0.0406 z= +0.96
  S2S_bacon_rev_chiE     obs= 225.9782 ctl= 354.8534+-187.5068 z= -0.69
  S2S_bacon_rev_chiG     obs= 278.3608 ctl= 654.3061+-451.3365 z= -0.83
  S2S_bacon_rev_ioc      obs=   0.0596 ctl=   0.0413+-  0.0075 z= +2.44
  S2S_bacon_rev_valid    obs=   0.9375 ctl=   0.8496+-  0.0429 z= +2.05
  S2S_bias               obs=   0.0082 ctl=   0.0082+-  0.0000 z=  +nan
  S2S_print7             obs=   0.8529 ctl=   0.7438+-  0.0629 z= +1.73
  S2S_print8             obs=   0.4333 ctl=   0.4292+-  0.0888 z= +0.05
  S2S_runs_z_abs         obs=   3.5976 ctl=   1.5273+-  0.8046 z= +2.57
  S3_bacon_fwd_chiE      obs=4109.7150 ctl=5470.3245+-812.5951 z= -1.67
  S3_bacon_fwd_chiG      obs=23507.2754 ctl=18444.6323+-3376.6969 z= +1.50
  S3_bacon_fwd_ioc       obs=   0.0418 ctl=   0.0404+-  0.0004 z= +3.64 ***
  S3_bacon_fwd_valid     obs=   0.8501 ctl=   0.8677+-  0.0081 z= -2.16
  S3_bacon_rev_chiE      obs=5547.6313 ctl=5355.9275+-768.1331 z= +0.25
  S3_bacon_rev_chiG      obs=25773.1677 ctl=17497.8781+-2996.5465 z= +2.76
  S3_bacon_rev_ioc       obs=   0.0411 ctl=   0.0404+-  0.0004 z= +1.56
  S3_bacon_rev_valid     obs=   0.8582 ctl=   0.8653+-  0.0080 z= -0.89
  S3_bias                obs=   0.0591 ctl=   0.0591+-  0.0000 z= +1.00
  S3_print7              obs=   0.6579 ctl=   0.6832+-  0.0146 z= -1.72
  S3_print8              obs=   0.3809 ctl=   0.3883+-  0.0172 z= -0.43
  S3_runs_z_abs          obs=   4.8298 ctl=   0.8061+-  0.5558 z= +7.24 ***
  S4_A_profchi           obs= 250.3935 ctl= 250.3935+-  0.0000 z= -1.00
  S4_E_profchi           obs=  96.2517 ctl=  96.2517+-  0.0000 z= -1.00
  S4_I_profchi           obs=  53.8648 ctl=  53.8648+-  0.0000 z= +1.00
  S4_N_profchi           obs= 203.7967 ctl= 203.7967+-  0.0000 z=  +nan
  S4_T_profchi           obs=  71.8911 ctl=  71.8911+-  0.0000 z= -1.00
  S6_chiE                obs=4151.5454 ctl=4996.4058+-267.6018 z= -3.16 ***
  S6_chiG                obs=5255.6513 ctl=6050.1941+-410.2753 z= -1.94
  S6_ioc                 obs=   0.1115 ctl=   0.1198+-  0.0019 z= -4.40 ***
  S6_mapfrac             obs=   0.8955 ctl=   0.9198+-  0.0037 z= -6.48 ***
  |z|>=3 hits: [('S3_bacon_fwd_ioc', 3.644526346267392), ('S3_runs_z_abs', 7.239015599032813), ('S6_chiE', -3.157154645075415), ('S6_ioc', -4.403157956012946), ('S6_mapfrac', -6.479181767692815)]

===== RAW-CHOICE READABILITY, NOVEL =====
  S1_bias                obs=   0.0333 ctl=   0.0321+-  0.0202 z= +0.06
  S1_print7              obs=   1.0000 ctl=   0.8462+-  0.0996 z= +1.54
  S1_print8              obs=   0.1818 ctl=   0.3000+-  0.1263 z= -0.94
  S1_runs_z_abs          obs=   1.0223 ctl=   1.2962+-  0.7692 z= -0.36
  S2B_bias               obs=   0.0946 ctl=   0.1195+-  0.0380 z= -0.65
  S2B_runs_z_abs         obs=   0.7486 ctl=   0.9987+-  0.6967 z= -0.36
  S2S_bias               obs=   0.0263 ctl=   0.0496+-  0.0315 z= -0.74
  S2S_runs_z_abs         obs=   0.6771 ctl=   0.7004+-  0.5221 z= -0.04
  S3_bacon_fwd_chiE      obs=1895.4317 ctl=1244.0962+-379.6126 z= +1.72
  S3_bacon_fwd_chiG      obs=4830.4363 ctl=3718.4892+-1613.6376 z= +0.69
  S3_bacon_fwd_ioc       obs=   0.0416 ctl=   0.0397+-  0.0016 z= +1.21
  S3_bacon_fwd_valid     obs=   0.8834 ctl=   0.8807+-  0.0182 z= +0.15
  S3_bacon_rev_chiE      obs=1127.7226 ctl=1285.4172+-376.6966 z= -0.42
  S3_bacon_rev_chiG      obs=5216.1532 ctl=3891.4667+-1495.9957 z= +0.89
  S3_bacon_rev_ioc       obs=   0.0380 ctl=   0.0402+-  0.0014 z= -1.52
  S3_bacon_rev_valid     obs=   0.8879 ctl=   0.8651+-  0.0200 z= +1.14
  S3_bias                obs=   0.0511 ctl=   0.0569+-  0.0089 z= -0.65
  S3_print7              obs=   0.7421 ctl=   0.6995+-  0.0335 z= +1.27
  S3_print8              obs=   0.4101 ctl=   0.3881+-  0.0401 z= +0.55
  S3_runs_z_abs          obs=   0.5555 ctl=   0.8399+-  0.6723 z= -0.42
  S4_A_profchi           obs=  39.2541 ctl=  48.0415+-  5.0224 z= -1.75
  S4_E_profchi           obs=  18.4653 ctl=  23.6861+-  4.4540 z= -1.17
  S4_I_profchi           obs=   7.9824 ctl=  10.9750+-  3.1862 z= -0.94
  S4_N_profchi           obs=  26.5160 ctl=  36.1908+-  7.1427 z= -1.35
  S4_T_profchi           obs=   9.9295 ctl=  13.7054+-  3.3436 z= -1.13
  S6_chiE                obs= 819.7103 ctl= 982.9000+-121.6927 z= -1.34
  S6_chiG                obs=1099.1068 ctl=1200.1252+-173.7745 z= -0.58
  S6_ioc                 obs=   0.1073 ctl=   0.1171+-  0.0044 z= -2.22
  S6_mapfrac             obs=   0.9229 ctl=   0.9230+-  0.0091 z= -0.00
  |z|>=3 hits: []

===== S5 RESIDUAL-RANK READABILITY (M2R, model-sampled controls) =====

-- S5 FULL
  miss_bacon_fwd_chiE    obs=7568.6384 ctl=8115.0905+-787.1834 z= -0.69
  miss_bacon_fwd_chiG    obs=16590.3656 ctl=24539.1319+-3958.8338 z= -2.01
  miss_bacon_fwd_ioc     obs=   0.4809 ctl=   0.3632+-  0.0132 z= +8.91 ***
  miss_bacon_fwd_valid   obs=   0.9777 ctl=   0.9887+-  0.0031 z= -3.57 ***
  miss_bacon_rev_chiE    obs=8313.5458 ctl=8342.0342+-839.7530 z= -0.03
  miss_bacon_rev_chiG    obs=20828.4405 ctl=25598.7119+-4327.1208 z= -1.10
  miss_bacon_rev_ioc     obs=   0.4793 ctl=   0.3630+-  0.0139 z= +8.40 ***
  miss_bacon_rev_valid   obs=   0.9750 ctl=   0.9885+-  0.0028 z= -4.79 ***
  miss_bias              obs=   0.3909 ctl=   0.3798+-  0.0038 z= +2.94
  miss_print7            obs=   0.1823 ctl=   0.2246+-  0.0122 z= -3.47 ***
  miss_print8            obs=   0.1398 ctl=   0.1781+-  0.0129 z= -2.98
  miss_runs_z_abs        obs=  22.2230 ctl=   8.6981+-  1.1931 z=+11.34 ***
  rlet_chiE              obs=49924.5437 ctl=49541.5303+-325.1683 z= +1.18
  rlet_chiG              obs=61884.4289 ctl=60986.7992+-450.7846 z= +1.99
  rlet_ioc               obs=   0.7965 ctl=   0.7796+-  0.0062 z= +2.70
  rmod2_bacon_fwd_chiE   obs=8387.1392 ctl=8384.8008+-664.3852 z= +0.00
  rmod2_bacon_fwd_chiG   obs=17641.3911 ctl=22031.3539+-3328.0680 z= -1.32
  rmod2_bacon_fwd_ioc    obs=   0.5312 ctl=   0.4411+-  0.0145 z= +6.22 ***
  rmod2_bacon_fwd_valid  obs=   0.9938 ctl=   0.9965+-  0.0017 z= -1.57
  rmod2_bacon_rev_chiE   obs=8460.8485 ctl=8635.5122+-734.1911 z= -0.24
  rmod2_bacon_rev_chiG   obs=18462.4999 ctl=23266.3190+-3812.4007 z= -1.26
  rmod2_bacon_rev_ioc    obs=   0.5314 ctl=   0.4417+-  0.0154 z= +5.82 ***
  rmod2_bacon_rev_valid  obs=   0.9946 ctl=   0.9965+-  0.0017 z= -1.07
  rmod2_bias             obs=   0.4246 ctl=   0.4107+-  0.0036 z= +3.86 ***
  rmod2_print7           obs=   0.1398 ctl=   0.1741+-  0.0114 z= -3.02 ***
  rmod2_print8           obs=   0.1227 ctl=   0.1487+-  0.0121 z= -2.15
  rmod2_runs_z_abs       obs=   9.5991 ctl=   4.2160+-  1.0532 z= +5.11 ***
  |z|>=3 hits: [('miss_bacon_fwd_ioc', 8.91), ('miss_bacon_fwd_valid', -3.57), ('miss_bacon_rev_ioc', 8.4), ('miss_bacon_rev_valid', -4.79), ('miss_print7', -3.47), ('miss_runs_z_abs', 11.34), ('rmod2_bacon_fwd_ioc', 6.22), ('rmod2_bacon_rev_ioc', 5.82), ('rmod2_bias', 3.86), ('rmod2_print7', -3.02), ('rmod2_runs_z_abs', 5.11)]

-- S5 NOVEL
  miss_bacon_fwd_chiE    obs= 893.5157 ctl=1670.2181+-484.4313 z= -1.60
  miss_bacon_fwd_chiG    obs=4044.1494 ctl=6675.7188+-2414.3081 z= -1.09
  miss_bacon_fwd_ioc     obs=   0.2383 ctl=   0.2075+-  0.0202 z= +1.52
  miss_bacon_fwd_valid   obs=   0.9058 ctl=   0.9655+-  0.0109 z= -5.48 ***
  miss_bacon_rev_chiE    obs= 930.6573 ctl=1360.7593+-387.6828 z= -1.11
  miss_bacon_rev_chiG    obs=2744.9914 ctl=4803.1364+-1906.0692 z= -1.08
  miss_bacon_rev_ioc     obs=   0.2389 ctl=   0.2174+-  0.0195 z= +1.10
  miss_bacon_rev_valid   obs=   0.9193 ctl=   0.9640+-  0.0104 z= -4.31 ***
  miss_bias              obs=   0.2581 ctl=   0.3046+-  0.0093 z= -5.01 ***
  miss_print7            obs=   0.4088 ctl=   0.3363+-  0.0333 z= +2.18
  miss_print8            obs=   0.1799 ctl=   0.2279+-  0.0282 z= -1.71
  miss_runs_z_abs        obs=  11.9530 ctl=   5.0884+-  1.0845 z= +6.33 ***
  rlet_chiE              obs=7414.1567 ctl=8508.3639+-138.6942 z= -7.89 ***
  rlet_chiG              obs=9014.1636 ctl=10315.3936+-189.6399 z= -6.86 ***
  rlet_ioc               obs=   0.5833 ctl=   0.6585+-  0.0137 z= -5.47 ***
  rmod2_bacon_fwd_chiE   obs=1317.8740 ctl=1795.9318+-457.3289 z= -1.05
  rmod2_bacon_fwd_chiG   obs=4537.6431 ctl=6398.6099+-2305.4939 z= -0.81
  rmod2_bacon_fwd_ioc    obs=   0.2871 ctl=   0.2961+-  0.0271 z= -0.33
  rmod2_bacon_fwd_valid  obs=   0.9821 ctl=   0.9910+-  0.0063 z= -1.42
  rmod2_bacon_rev_chiE   obs=1059.0971 ctl=1597.0384+-393.2143 z= -1.37
  rmod2_bacon_rev_chiG   obs=2356.9455 ctl=5187.1110+-1975.2536 z= -1.43
  rmod2_bacon_rev_ioc    obs=   0.3103 ctl=   0.3051+-  0.0274 z= +0.19
  rmod2_bacon_rev_valid  obs=   0.9731 ctl=   0.9890+-  0.0059 z= -2.69
  rmod2_bias             obs=   0.3504 ctl=   0.3653+-  0.0090 z= -1.65
  rmod2_print7           obs=   0.2956 ctl=   0.2446+-  0.0317 z= +1.61
  rmod2_print8           obs=   0.1655 ctl=   0.1934+-  0.0282 z= -0.99
  rmod2_runs_z_abs       obs=   5.1844 ctl=   2.4360+-  1.1116 z= +2.47
  |z|>=3 hits: [('miss_bacon_fwd_valid', -5.48), ('miss_bacon_rev_valid', -4.31), ('miss_bias', -5.01), ('miss_runs_z_abs', 6.33), ('rlet_chiE', -7.89), ('rlet_chiG', -6.86), ('rlet_ioc', -5.47)]
