=== probe_runs schema + row0 entries ===
cols: ['probe_id', 'created_at', 'family', 'probe_name', 'workbook_path', 'artifact_path', 'status', 'outcome', 'skip_top', 'expected_failure_mode', 'reason_selected', 'notes']
probe_runs rows: 0
row0-matching rows: 0

=== decodedbase substring containment (full book inside another) ===
full decodedbase containment pairs (A inside B): 3
   ('25', '39', 18, 30)
   ('27', '10', 63, 144)
   ('27', '35', 63, 146)

=== digits substring containment ===
full digits containment pairs: 31
   ('0', '10', 144, 281)
   ('0', '35', 144, 286)
   ('0', '66', 144, 210)
   ('1', '10', 92, 281)
   ('1', '35', 92, 286)
   ('11', '58', 137, 272)
   ('12', '21', 137, 176)
   ('12', '26', 137, 170)
   ('22', '2', 137, 177)
   ('25', '39', 35, 59)
   ('27', '10', 124, 281)
   ('27', '35', 124, 286)
   ('28', '48', 146, 169)
   ('32', '58', 137, 272)
   ('33', '10', 134, 281)
   ('33', '35', 134, 286)
   ('33', '66', 134, 210)
   ('43', '58', 141, 272)
   ('43', '59', 141, 272)
   ('44', '52', 126, 137)
   ('46', '51', 253, 268)
   ('47', '5', 126, 273)
   ('47', '9', 126, 294)
   ('50', '9', 141, 294)
   ('61', '65', 145, 169)
   ('62', '17', 126, 274)
   ('62', '3', 126, 140)
   ('66', '10', 210, 281)
   ('66', '35', 210, 286)
   ('68', '17', 143, 274)
   ('69', '9', 140, 294)

=== longest-common-substring stats over all 2415 pairs (decodedbase) ===
pairs: 2415
median LCS/min_len: 0.094
pairs with LCS >= 50% of shorter book: 143
pairs with LCS >= 90% of shorter book: 26
pairs with LCS >= 30 symbols: 181
top 25 by frac:
   ('10', '27', 63, 63, 1.0)
   ('25', '39', 18, 18, 1.0)
   ('27', '35', 63, 63, 1.0)
   ('9', '69', 71, 72, 0.986)
   ('10', '35', 142, 144, 0.986)
   ('12', '21', 69, 70, 0.986)
   ('17', '68', 72, 73, 0.986)
   ('9', '47', 64, 65, 0.985)
   ('61', '65', 72, 74, 0.973)
   ('2', '22', 68, 70, 0.971)
   ('11', '58', 68, 70, 0.971)
   ('0', '10', 71, 74, 0.959)
   ('0', '35', 71, 74, 0.959)
   ('0', '66', 71, 74, 0.959)
   ('28', '48', 71, 74, 0.959)
   ('5', '47', 62, 65, 0.954)
   ('52', '62', 60, 64, 0.938)
   ('9', '50', 67, 73, 0.918)
   ('50', '69', 66, 72, 0.917)
   ('10', '66', 98, 107, 0.916)
   ('3', '17', 65, 71, 0.915)
   ('35', '66', 97, 107, 0.907)
   ('43', '58', 64, 71, 0.901)
   ('43', '59', 64, 71, 0.901)
   ('11', '43', 63, 70, 0.9)

=== star mask per-book full distribution ===
books with zero stars: 14 ['6', '7', '8', '20', '23', '25', '30', '38', '39', '41', '49', '54', '60', '64']
max stars in one book: 5
top10 share: 37 /120
