codes 99 books 70
train_books ['5', '8', '9', '10', '11', '14', '19', '21', '24', '26', '29', '30', '31', '34', '36', '37', '39', '41', '42', '43', '45', '46', '49', '50', '51', '52', '54', '55', '56', '57', '59', '60', '64', '65', '68']
held_books ['0', '1', '2', '3', '4', '6', '7', '12', '13', '15', '16', '17', '18', '20', '22', '23', '25', '27', '28', '32', '33', '35', '38', '40', '44', '47', '48', '53', '58', '61', '62', '63', '66', '67', '69']
train frags 33 tokens 2963
held novel frags 25 novel tokens 415 masked tokens 2245
LMs loaded
train stream L 3059 real windows 2864
held stream L 487 real windows 340
full stream L 5330 real windows 4979
[SYNTH-EN] plaintext len 3210 (want 3210)
  [SYNTH-EN] restart 0: best_total=-4322.0 mean=-2.0225
  [SYNTH-EN] restart 1: best_total=-5288.9 mean=-2.4749
  [SYNTH-EN] restart 2: best_total=-5288.3 mean=-2.4747
  [SYNTH-EN] restart 3: best_total=-5293.6 mean=-2.4771
  [SYNTH-EN] restart 4: best_total=-5263.3 mean=-2.4630
  [SYNTH-EN] restart 5: best_total=-5260.5 mean=-2.4616
  [SYNTH-EN] restart 6: best_total=-4929.5 mean=-2.3067
  [SYNTH-EN] restart 7: best_total=-5297.8 mean=-2.4791
  [SYNTH-EN] restart 8: best_total=-4322.0 mean=-2.0225
  [SYNTH-EN] restart 9: best_total=-5284.4 mean=-2.4728
  [SYNTH-EN] restart 10: best_total=-5278.4 mean=-2.4700
  [SYNTH-EN] restart 11: best_total=-5271.4 mean=-2.4667
  [SYNTH-EN] restart 12: best_total=-5279.2 mean=-2.4704
  [SYNTH-EN] restart 13: best_total=-4322.0 mean=-2.0225
  [SYNTH-EN] restart 14: best_total=-4929.5 mean=-2.3067
  [SYNTH-EN] restart 15: best_total=-4933.9 mean=-2.3088
[SYNTH-EN] train_acc=0.999 held_acc=0.999 held z=38.24 p=0.0000 cov=0.9588785046728971
[SYNTH-EN] held decrypt: hiterabbitwasstillinsighthurryingdownittherewasnotamomenttobelostawaywentalicelikethewindandwasjustintimetohearitsayasitturnedacornerohmyearsandwhiskershowlateitsgettingshewasclosebehinditwhensheturne
[SYNTH-DE] plaintext len 3076 (want 3210)
  [SYNTH-DE] restart 0: best_total=-4157.5 mean=-2.0310
  [SYNTH-DE] restart 1: best_total=-4184.2 mean=-2.0441
  [SYNTH-DE] restart 2: best_total=-4157.5 mean=-2.0310
  [SYNTH-DE] restart 3: best_total=-6323.7 mean=-3.0893
  [SYNTH-DE] restart 4: best_total=-4160.9 mean=-2.0327
  [SYNTH-DE] restart 5: best_total=-2871.3 mean=-1.4027
  [SYNTH-DE] restart 6: best_total=-4161.4 mean=-2.0329
  [SYNTH-DE] restart 7: best_total=-2949.1 mean=-1.4407
  [SYNTH-DE] restart 8: best_total=-4388.8 mean=-2.1440
  [SYNTH-DE] restart 9: best_total=-4389.3 mean=-2.1443
  [SYNTH-DE] restart 10: best_total=-4157.5 mean=-2.0310
  [SYNTH-DE] restart 11: best_total=-4429.2 mean=-2.1638
  [SYNTH-DE] restart 12: best_total=-4157.5 mean=-2.0310
  [SYNTH-DE] restart 13: best_total=-4157.5 mean=-2.0310
  [SYNTH-DE] restart 14: best_total=-4160.9 mean=-2.0327
  [SYNTH-DE] restart 15: best_total=-4157.5 mean=-2.0310
[SYNTH-DE] train_acc=0.000 held_acc=0.000 held z=1.00 p=1.0000 cov=None
[SYNTH-DE] held decrypt: xxxxxxxxxxxxxxxxxxxxxxxxxxxxxxxxxxxxxxxxxxxxxxxxxxxxxxxxxxxxxxxxxxxxxxxxxxxxxxxxxxxxxxxxxxxxxxxxxxxxxxxxxxxxxxxxxxxxxxxxxxxxxxxxxxxxxxxxxxxxxxxxxxxxxxxxxxxxxxxxxxxxxxxxxxxxxxxxxxxxxxxxxxxxxxxxxxxxxxxx
DONE
