codes 99 books 70
train_books ['5', '8', '9', '10', '11', '14', '19', '21', '24', '26', '29', '30', '31', '34', '36', '37', '39', '41', '42', '43', '45', '46', '49', '50', '51', '52', '54', '55', '56', '57', '59', '60', '64', '65', '68']
held_books ['0', '1', '2', '3', '4', '6', '7', '12', '13', '15', '16', '17', '18', '20', '22', '23', '25', '27', '28', '32', '33', '35', '38', '40', '44', '47', '48', '53', '58', '61', '62', '63', '66', '67', '69']
train frags 33 tokens 2963
held novel frags 25 novel tokens 415 masked tokens 2245
LMs loaded
train stream L 3059 real windows 2864
held stream L 487 real windows 340
full stream L 5330 real windows 4979
  [REAL-EN-free] restart 0: best_total=-6201.4 mean=-2.1653
  [REAL-EN-free] restart 1: best_total=-6265.9 mean=-2.1878
  [REAL-EN-free] restart 2: best_total=-6233.6 mean=-2.1765
  [REAL-EN-free] restart 3: best_total=-6204.4 mean=-2.1663
  [REAL-EN-free] restart 4: best_total=-6351.5 mean=-2.2177
  [REAL-EN-free] restart 5: best_total=-6208.4 mean=-2.1677
  [REAL-EN-free] restart 6: best_total=-6328.4 mean=-2.2096
  [REAL-EN-free] restart 7: best_total=-6273.8 mean=-2.1906
  [REAL-EN-free] restart 8: best_total=-6349.9 mean=-2.2171
  [REAL-EN-free] restart 9: best_total=-6247.6 mean=-2.1814
  [REAL-EN-free] restart 10: best_total=-6318.2 mean=-2.2061
  [REAL-EN-free] restart 11: best_total=-6234.2 mean=-2.1767
  [REAL-EN-free] restart 12: best_total=-6287.3 mean=-2.1953
  [REAL-EN-free] restart 13: best_total=-6448.9 mean=-2.2517
  [REAL-EN-free] restart 14: best_total=-6320.8 mean=-2.2070
  [REAL-EN-free] restart 15: best_total=-6451.6 mean=-2.2526
  [REAL-EN-free] restart 16: best_total=-6223.5 mean=-2.1730
  [REAL-EN-free] restart 17: best_total=-6348.0 mean=-2.2165
  [REAL-EN-free] restart 18: best_total=-6330.8 mean=-2.2105
  [REAL-EN-free] restart 19: best_total=-6323.1 mean=-2.2078
  [REAL-EN-free] restart 20: best_total=-6425.4 mean=-2.2435
  [REAL-EN-free] restart 21: best_total=-6207.7 mean=-2.1675
  [REAL-EN-free] restart 22: best_total=-6272.9 mean=-2.1902
  [REAL-EN-free] restart 23: best_total=-6350.0 mean=-2.2172
[REAL-EN-free] train_mean=-2.1653 held z=8.16 p=0.0000 held_mean=-2.4583 traincov=0.8521768477894026
[REAL-EN-free] held decrypt: hatts|||seaeeeeathreth|||hbetthhtthethateetheeaeheertheroseetheha|||heenatertoteataetrrhtachtheesh|||ethhhersheereahhetheethathesetseetherrnshethretre|||natertethehaeerteatthssethhhershheethtseteataet
[REAL-EN-free] train decrypt: reahatsthatthateretheehatreethereeertheeenthathereetataethhershethtreeaaterhatheethatertothestthehotateattethattheheatheseteerattereathathetreeththat|||eotateattethattheheatheseteerattereathathetreeth
  [REAL-EN-pin] restart 0: best_total=-6397.6 mean=-2.2338
  [REAL-EN-pin] restart 1: best_total=-6576.9 mean=-2.2964
  [REAL-EN-pin] restart 2: best_total=-6536.1 mean=-2.2821
  [REAL-EN-pin] restart 3: best_total=-6406.7 mean=-2.2370
  [REAL-EN-pin] restart 4: best_total=-6459.0 mean=-2.2553
  [REAL-EN-pin] restart 5: best_total=-6436.0 mean=-2.2472
  [REAL-EN-pin] restart 6: best_total=-6421.0 mean=-2.2420
  [REAL-EN-pin] restart 7: best_total=-6448.0 mean=-2.2514
  [REAL-EN-pin] restart 8: best_total=-6340.0 mean=-2.2137
  [REAL-EN-pin] restart 9: best_total=-6410.6 mean=-2.2383
  [REAL-EN-pin] restart 10: best_total=-6367.8 mean=-2.2234
  [REAL-EN-pin] restart 11: best_total=-6408.7 mean=-2.2377
  [REAL-EN-pin] restart 12: best_total=-6595.7 mean=-2.3030
  [REAL-EN-pin] restart 13: best_total=-6354.2 mean=-2.2186
  [REAL-EN-pin] restart 14: best_total=-6497.3 mean=-2.2686
  [REAL-EN-pin] restart 15: best_total=-6560.6 mean=-2.2907
  [REAL-EN-pin] restart 16: best_total=-6314.4 mean=-2.2048
  [REAL-EN-pin] restart 17: best_total=-6546.5 mean=-2.2858
  [REAL-EN-pin] restart 18: best_total=-6561.7 mean=-2.2911
  [REAL-EN-pin] restart 19: best_total=-6302.7 mean=-2.2007
  [REAL-EN-pin] restart 20: best_total=-6475.7 mean=-2.2611
  [REAL-EN-pin] restart 21: best_total=-6485.6 mean=-2.2645
  [REAL-EN-pin] restart 22: best_total=-6380.3 mean=-2.2278
  [REAL-EN-pin] restart 23: best_total=-6573.8 mean=-2.2953
[REAL-EN-pin] train_mean=-2.2007 held z=6.05 p=0.0000 held_mean=-2.7047 traincov=0.8150523118461019
[REAL-EN-pin] held decrypt: thbas|||earitothersres|||sataetteeseethetersaarteotstetfthttsteth|||sstttbesatterthtefhethisbleehr|||tttrredrsetothleeeseerehererssddrasehorrtersheehe|||ttbesaeeseeheeeeisertrrettrredrsrethiahdearthte
[REAL-EN-pin] train decrypt: sartherethtethethesraelhehatesteretoeteartatreseasterthterredrseestheisheththeretastbesattlessstsattheetbeentheathethererssethreetheterhestoottetesre|||ettheetbeentheathethererssethreetheterhestoottet
  [REAL-DE-free] restart 0: best_total=-5694.1 mean=-1.9881
  [REAL-DE-free] restart 1: best_total=-5778.0 mean=-2.0175
  [REAL-DE-free] restart 2: best_total=-5887.8 mean=-2.0558
  [REAL-DE-free] restart 3: best_total=-5712.6 mean=-1.9946
  [REAL-DE-free] restart 4: best_total=-5761.0 mean=-2.0115
  [REAL-DE-free] restart 5: best_total=-5784.9 mean=-2.0199
  [REAL-DE-free] restart 6: best_total=-5700.3 mean=-1.9903
  [REAL-DE-free] restart 7: best_total=-5691.2 mean=-1.9872
  [REAL-DE-free] restart 8: best_total=-5742.5 mean=-2.0051
  [REAL-DE-free] restart 9: best_total=-5747.6 mean=-2.0068
  [REAL-DE-free] restart 10: best_total=-5727.5 mean=-1.9998
  [REAL-DE-free] restart 11: best_total=-5892.3 mean=-2.0574
  [REAL-DE-free] restart 12: best_total=-5743.8 mean=-2.0055
  [REAL-DE-free] restart 13: best_total=-5680.1 mean=-1.9833
  [REAL-DE-free] restart 14: best_total=-5793.2 mean=-2.0228
  [REAL-DE-free] restart 15: best_total=-5695.5 mean=-1.9887
  [REAL-DE-free] restart 16: best_total=-5756.6 mean=-2.0100
  [REAL-DE-free] restart 17: best_total=-5691.4 mean=-1.9872
  [REAL-DE-free] restart 18: best_total=-5701.6 mean=-1.9908
  [REAL-DE-free] restart 19: best_total=-5733.4 mean=-2.0019
  [REAL-DE-free] restart 20: best_total=-5712.8 mean=-1.9947
  [REAL-DE-free] restart 21: best_total=-5696.2 mean=-1.9889
  [REAL-DE-free] restart 22: best_total=-5823.3 mean=-2.0333
  [REAL-DE-free] restart 23: best_total=-5744.5 mean=-2.0057
[REAL-DE-free] train_mean=-1.9833 held z=6.50 p=0.0000 held_mean=-2.2348 traincov=None
[REAL-DE-free] held decrypt: dieei|||deneeindendine|||ienenninnenneinnneieennniedennnneniennei|||iennnendenenneinennneionenundn|||eennnnidennindnennennendenndeiirieeniiienneinnein|||nnendennenneundneneenednennnnidenennnedrneneine
[REAL-DE-free] train decrypt: denndedeedeneineneinenndenenneneineieineineinnendeneneinennnidenneeneendeiniennenennendenennieeneineienneendeinenenndenndeinennnnenenendeendinnnneinn|||eneienneendeinenenndenndeinennnnenenendeendinnnn
  [REAL-DE-pin] restart 0: best_total=-5806.0 mean=-2.0273
  [REAL-DE-pin] restart 1: best_total=-5940.6 mean=-2.0742
  [REAL-DE-pin] restart 2: best_total=-5906.9 mean=-2.0624
  [REAL-DE-pin] restart 3: best_total=-5845.6 mean=-2.0411
  [REAL-DE-pin] restart 4: best_total=-5922.2 mean=-2.0678
  [REAL-DE-pin] restart 5: best_total=-5911.5 mean=-2.0641
  [REAL-DE-pin] restart 6: best_total=-5929.9 mean=-2.0705
  [REAL-DE-pin] restart 7: best_total=-5859.3 mean=-2.0459
  [REAL-DE-pin] restart 8: best_total=-5936.4 mean=-2.0728
  [REAL-DE-pin] restart 9: best_total=-5883.3 mean=-2.0542
  [REAL-DE-pin] restart 10: best_total=-5880.6 mean=-2.0533
  [REAL-DE-pin] restart 11: best_total=-5912.5 mean=-2.0644
  [REAL-DE-pin] restart 12: best_total=-5942.2 mean=-2.0748
  [REAL-DE-pin] restart 13: best_total=-5951.3 mean=-2.0780
  [REAL-DE-pin] restart 14: best_total=-5789.9 mean=-2.0216
  [REAL-DE-pin] restart 15: best_total=-5882.2 mean=-2.0539
  [REAL-DE-pin] restart 16: best_total=-5847.1 mean=-2.0416
  [REAL-DE-pin] restart 17: best_total=-5817.5 mean=-2.0312
  [REAL-DE-pin] restart 18: best_total=-5914.2 mean=-2.0650
  [REAL-DE-pin] restart 19: best_total=-5941.0 mean=-2.0744
  [REAL-DE-pin] restart 20: best_total=-5903.4 mean=-2.0613
  [REAL-DE-pin] restart 21: best_total=-5945.8 mean=-2.0760
  [REAL-DE-pin] restart 22: best_total=-6004.7 mean=-2.0966
  [REAL-DE-pin] restart 23: best_total=-5894.7 mean=-2.0582
[REAL-DE-pin] train_mean=-2.0216 held z=5.57 p=0.0000 held_mean=-2.3241 traincov=None
[REAL-DE-pin] held decrypt: tebre|||einndieineeene|||einaneeenenndennineiineeideseeneienneide|||einenbiedennnnennneeseinberiee|||nneeeineeneneieiinenineineneineeerenennneineeieei|||enbieainenedrieeneenenenneeeineeeinnereeninnenn
[REAL-DE-pin] train decrypt: eineieendinndendeineineineinnendendnnnnieerenneneinennenneeineeineneineinnendeeinannbiedenenenneineneninbenndendeneeineneininenneneinneineeineeneeenn|||ieneninbenndendeneeineneininenneneinneineeineene
  [REAL-PL-free] restart 0: best_total=-6702.0 mean=-2.3401
  [REAL-PL-free] restart 1: best_total=-6776.5 mean=-2.3661
  [REAL-PL-free] restart 2: best_total=-6716.1 mean=-2.3450
  [REAL-PL-free] restart 3: best_total=-6677.1 mean=-2.3314
  [REAL-PL-free] restart 4: best_total=-6903.2 mean=-2.4103
  [REAL-PL-free] restart 5: best_total=-6735.4 mean=-2.3517
  [REAL-PL-free] restart 6: best_total=-6834.0 mean=-2.3862
  [REAL-PL-free] restart 7: best_total=-6670.5 mean=-2.3291
  [REAL-PL-free] restart 8: best_total=-6705.8 mean=-2.3414
  [REAL-PL-free] restart 9: best_total=-6803.6 mean=-2.3756
  [REAL-PL-free] restart 10: best_total=-7016.8 mean=-2.4500
  [REAL-PL-free] restart 11: best_total=-6893.0 mean=-2.4068
  [REAL-PL-free] restart 12: best_total=-6852.9 mean=-2.3928
  [REAL-PL-free] restart 13: best_total=-6677.0 mean=-2.3314
  [REAL-PL-free] restart 14: best_total=-6856.8 mean=-2.3941
  [REAL-PL-free] restart 15: best_total=-6755.3 mean=-2.3587
  [REAL-PL-free] restart 16: best_total=-6764.1 mean=-2.3618
  [REAL-PL-free] restart 17: best_total=-6905.6 mean=-2.4112
  [REAL-PL-free] restart 18: best_total=-6712.4 mean=-2.3437
  [REAL-PL-free] restart 19: best_total=-6749.5 mean=-2.3567
  [REAL-PL-free] restart 20: best_total=-6754.9 mean=-2.3586
  [REAL-PL-free] restart 21: best_total=-6751.8 mean=-2.3575
  [REAL-PL-free] restart 22: best_total=-6809.8 mean=-2.3777
  [REAL-PL-free] restart 23: best_total=-6669.8 mean=-2.3288
[REAL-PL-free] train_mean=-2.3288 held z=7.96 p=0.0000 held_mean=-2.6194 traincov=None
[REAL-PL-free] held decrypt: wnzwc|||aazcnazacznzaz|||nmacaadaacaaznaaaznaazzaanniazzadznzaczn|||nzaaazaniazazznacziainazznaacz|||nzazzazacazczannaazaazaazzzaznidzwzaaczcacznaczac|||aazancaazaazaajacazzacaazazzazacznanawcdaazznac
[REAL-PL-free] train decrypt: nazaanazzazaznanianzaznaciaaacaczanccczazawdzaczazaczznaczzazacaazziacaaznaczaznaczazaniaznaczzaznazncaaznacznaianazazzzaznanizaaniaaczaczzaczzaannza|||aazncaaznacznaianazazzzaznanizaaniaaczaczzaczzaa
  [REAL-PT-free] restart 0: best_total=-5589.1 mean=-1.9515
  [REAL-PT-free] restart 1: best_total=-6388.5 mean=-2.2306
  [REAL-PT-free] restart 2: best_total=-6207.5 mean=-2.1674
  [REAL-PT-free] restart 3: best_total=-5589.1 mean=-1.9515
  [REAL-PT-free] restart 4: best_total=-6116.9 mean=-2.1358
  [REAL-PT-free] restart 5: best_total=-6395.5 mean=-2.2331
  [REAL-PT-free] restart 6: best_total=-6201.4 mean=-2.1653
  [REAL-PT-free] restart 7: best_total=-6221.4 mean=-2.1723
  [REAL-PT-free] restart 8: best_total=-6107.4 mean=-2.1325
  [REAL-PT-free] restart 9: best_total=-5589.1 mean=-1.9515
  [REAL-PT-free] restart 10: best_total=-6203.5 mean=-2.1660
  [REAL-PT-free] restart 11: best_total=-5589.1 mean=-1.9515
  [REAL-PT-free] restart 12: best_total=-6025.8 mean=-2.1040
  [REAL-PT-free] restart 13: best_total=-6378.2 mean=-2.2270
  [REAL-PT-free] restart 14: best_total=-6251.2 mean=-2.1827
  [REAL-PT-free] restart 15: best_total=-6410.3 mean=-2.2382
  [REAL-PT-free] restart 16: best_total=-6219.1 mean=-2.1715
  [REAL-PT-free] restart 17: best_total=-5589.1 mean=-1.9515
  [REAL-PT-free] restart 18: best_total=-6094.9 mean=-2.1281
  [REAL-PT-free] restart 19: best_total=-6324.5 mean=-2.2083
  [REAL-PT-free] restart 20: best_total=-5589.1 mean=-1.9515
  [REAL-PT-free] restart 21: best_total=-5589.1 mean=-1.9515
  [REAL-PT-free] restart 22: best_total=-6107.3 mean=-2.1324
  [REAL-PT-free] restart 23: best_total=-6473.8 mean=-2.2604
[REAL-PT-free] train_mean=-1.9515 held z=1.10 p=0.1590 held_mean=-1.9533 traincov=None
[REAL-PT-free] held decrypt: xxxxx|||xxxxxxxxxxxxxx|||xxxxxxxxxxxxxxxxxxxxxxxxxxxxxxxxxxxxxxxx|||xxxxxxxxxxxxxxxxxxxxxxxxxxxxxx|||xxxxxxxxxxxxxxxxxxxxxxxxxxxxxxxxxxxxxxxxxxxxxxxxx|||xxxxxxxxxxxxxxxxxxxxxxxxxxxxxxxxxxxxxxxxxxxxxxx
[REAL-PT-free] train decrypt: xxxxxxxxxxxxxxxxxxxxxxxxxxxxxxxxxxxxxxxxxxxxxxxxxxxxxxxxxxxxxxxxxxxxxxxxxxxxxxxxxxxxxxxxxxxxxxxxxxxxxxxxxxxxxxxxxxxxxxxxxxxxxxxxxxxxxxxxxxxxxxxxxxxxx|||xxxxxxxxxxxxxxxxxxxxxxxxxxxxxxxxxxxxxxxxxxxxxxxx
DONE
