codes 99 books 70
train_books ['5', '8', '9', '10', '11', '14', '19', '21', '24', '26', '29', '30', '31', '34', '36', '37', '39', '41', '42', '43', '45', '46', '49', '50', '51', '52', '54', '55', '56', '57', '59', '60', '64', '65', '68']
held_books ['0', '1', '2', '3', '4', '6', '7', '12', '13', '15', '16', '17', '18', '20', '22', '23', '25', '27', '28', '32', '33', '35', '38', '40', '44', '47', '48', '53', '58', '61', '62', '63', '66', '67', '69']
train frags 33 tokens 2963
held novel frags 25 novel tokens 415 masked tokens 2245
LMs loaded
train stream L 3059 real windows 2864
held stream L 487 real windows 340
full stream L 5330 real windows 4979
[SYNTH-EN] plaintext len 3210 (want 3210)
  [SYNTH-EN] restart 0: best_total=-5297.0 mean=-2.4787
  [SYNTH-EN] restart 1: best_total=-5308.3 mean=-2.4840
  [SYNTH-EN] restart 2: best_total=-4322.0 mean=-2.0225
  [SYNTH-EN] restart 3: best_total=-5221.9 mean=-2.4436
  [SYNTH-EN] restart 4: best_total=-5288.5 mean=-2.4747
  [SYNTH-EN] restart 5: best_total=-4322.0 mean=-2.0225
  [SYNTH-EN] restart 6: best_total=-4322.0 mean=-2.0225
  [SYNTH-EN] restart 7: best_total=-4322.0 mean=-2.0225
  [SYNTH-EN] restart 8: best_total=-4322.0 mean=-2.0225
  [SYNTH-EN] restart 9: best_total=-4322.0 mean=-2.0225
  [SYNTH-EN] restart 10: best_total=-5323.0 mean=-2.4909
  [SYNTH-EN] restart 11: best_total=-4929.3 mean=-2.3067
  [SYNTH-EN] restart 12: best_total=-5294.5 mean=-2.4775
  [SYNTH-EN] restart 13: best_total=-4322.0 mean=-2.0225
  [SYNTH-EN] restart 14: best_total=-5301.8 mean=-2.4810
  [SYNTH-EN] restart 15: best_total=-4322.0 mean=-2.0225
[SYNTH-EN] train_acc=0.999 held_acc=0.999 held z=38.00 p=0.0000 cov=0.9579439252336449
[SYNTH-EN] held decrypt: hiterabbitwasstillinsighthurryingdownittherewasnotamomenttobelostawaywentalicelikethewindandwasjustintimetohearitsayasitturnedacornerohmyearsandwhiskershowlateitsgettingshewasclosebehinditwhensheturne
[SYNTH-DE] plaintext len 3076 (want 3210)
  [SYNTH-DE] restart 0: best_total=-4408.5 mean=-2.1536
  [SYNTH-DE] restart 1: best_total=-4156.7 mean=-2.0306
  [SYNTH-DE] restart 2: best_total=-4194.3 mean=-2.0490
  [SYNTH-DE] restart 3: best_total=-4156.7 mean=-2.0306
  [SYNTH-DE] restart 4: best_total=-4149.4 mean=-2.0271
  [SYNTH-DE] restart 5: best_total=-4398.0 mean=-2.1485
  [SYNTH-DE] restart 6: best_total=-4543.6 mean=-2.2197
  [SYNTH-DE] restart 7: best_total=-4363.0 mean=-2.1314
  [SYNTH-DE] restart 8: best_total=-4149.4 mean=-2.0271
  [SYNTH-DE] restart 9: best_total=-4149.4 mean=-2.0271
  [SYNTH-DE] restart 10: best_total=-4399.2 mean=-2.1491
  [SYNTH-DE] restart 11: best_total=-4404.7 mean=-2.1518
  [SYNTH-DE] restart 12: best_total=-4149.4 mean=-2.0271
  [SYNTH-DE] restart 13: best_total=-4202.1 mean=-2.0528
  [SYNTH-DE] restart 14: best_total=-4149.4 mean=-2.0271
  [SYNTH-DE] restart 15: best_total=-4379.0 mean=-2.1392
[SYNTH-DE] train_acc=0.466 held_acc=0.472 held z=13.41 p=0.0000 cov=None
[SYNTH-DE] held decrypt: nniennerereindnendennrendernendnnendderinnernireinnededernnenennenneineinneiddinddienennninndernienendeinnenideederninedenenndendniedendreendedennrienninndeniddieninneneieennnenindeideneeiennenenendni
DONE
