codes 99 books 70
train_books ['5', '8', '9', '10', '11', '14', '19', '21', '24', '26', '29', '30', '31', '34', '36', '37', '39', '41', '42', '43', '45', '46', '49', '50', '51', '52', '54', '55', '56', '57', '59', '60', '64', '65', '68']
held_books ['0', '1', '2', '3', '4', '6', '7', '12', '13', '15', '16', '17', '18', '20', '22', '23', '25', '27', '28', '32', '33', '35', '38', '40', '44', '47', '48', '53', '58', '61', '62', '63', '66', '67', '69']
train frags 33 tokens 2963
held novel frags 25 novel tokens 415 masked tokens 2245
LMs loaded
train stream L 3059 real windows 2864
held stream L 487 real windows 340
full stream L 5330 real windows 4979
  [SHUF-en] restart 0: best_total=-7587.9 mean=-2.6494
  [SHUF-en] restart 1: best_total=-7643.5 mean=-2.6688
  [SHUF-en] restart 2: best_total=-7638.7 mean=-2.6671
  [SHUF-en] restart 3: best_total=-7572.2 mean=-2.6439
  [SHUF-en] restart 4: best_total=-7580.2 mean=-2.6467
  [SHUF-en] restart 5: best_total=-7581.3 mean=-2.6471
  [SHUF-en] restart 6: best_total=-7597.8 mean=-2.6529
  [SHUF-en] restart 7: best_total=-7606.9 mean=-2.6560
  [SHUF-en] restart 8: best_total=-7609.7 mean=-2.6570
  [SHUF-en] restart 9: best_total=-7632.1 mean=-2.6648
  [SHUF-en] restart 10: best_total=-7580.1 mean=-2.6467
  [SHUF-en] restart 11: best_total=-7559.0 mean=-2.6393
  [SHUF-en] restart 12: best_total=-7626.4 mean=-2.6629
  [SHUF-en] restart 13: best_total=-7556.3 mean=-2.6384
  [SHUF-en] restart 14: best_total=-7614.1 mean=-2.6586
  [SHUF-en] restart 15: best_total=-7582.8 mean=-2.6476
  [SHUF-en] restart 16: best_total=-7607.2 mean=-2.6561
  [SHUF-en] restart 17: best_total=-7604.7 mean=-2.6553
  [SHUF-en] restart 18: best_total=-7579.6 mean=-2.6465
  [SHUF-en] restart 19: best_total=-7624.1 mean=-2.6620
  [SHUF-en] restart 20: best_total=-7607.2 mean=-2.6561
  [SHUF-en] restart 21: best_total=-7584.9 mean=-2.6484
  [SHUF-en] restart 22: best_total=-7639.3 mean=-2.6674
  [SHUF-en] restart 23: best_total=-7572.2 mean=-2.6439
[SHUF-en] train_mean=-2.6384 held z=2.01 p=0.0150
  [SHUF-de] restart 0: best_total=-6877.4 mean=-2.4013
  [SHUF-de] restart 1: best_total=-6933.9 mean=-2.4211
  [SHUF-de] restart 2: best_total=-6878.7 mean=-2.4018
  [SHUF-de] restart 3: best_total=-6868.4 mean=-2.3982
  [SHUF-de] restart 4: best_total=-6890.6 mean=-2.4059
  [SHUF-de] restart 5: best_total=-6847.9 mean=-2.3910
  [SHUF-de] restart 6: best_total=-6912.2 mean=-2.4135
  [SHUF-de] restart 7: best_total=-6872.5 mean=-2.3996
  [SHUF-de] restart 8: best_total=-6876.1 mean=-2.4009
  [SHUF-de] restart 9: best_total=-6889.5 mean=-2.4056
  [SHUF-de] restart 10: best_total=-6863.9 mean=-2.3966
  [SHUF-de] restart 11: best_total=-6927.0 mean=-2.4186
  [SHUF-de] restart 12: best_total=-6868.0 mean=-2.3980
  [SHUF-de] restart 13: best_total=-6863.7 mean=-2.3965
  [SHUF-de] restart 14: best_total=-6876.0 mean=-2.4008
  [SHUF-de] restart 15: best_total=-6914.0 mean=-2.4141
  [SHUF-de] restart 16: best_total=-6907.0 mean=-2.4117
  [SHUF-de] restart 17: best_total=-6870.5 mean=-2.3989
  [SHUF-de] restart 18: best_total=-9030.8 mean=-3.1532
  [SHUF-de] restart 19: best_total=-6861.9 mean=-2.3959
  [SHUF-de] restart 20: best_total=-6862.0 mean=-2.3960
  [SHUF-de] restart 21: best_total=-6889.5 mean=-2.4055
  [SHUF-de] restart 22: best_total=-6933.6 mean=-2.4209
  [SHUF-de] restart 23: best_total=-6883.4 mean=-2.4034
[SHUF-de] train_mean=-2.3910 held z=1.10 p=0.1460
DONE
