codes 99 books 70
train_books ['5', '8', '9', '10', '11', '14', '19', '21', '24', '26', '29', '30', '31', '34', '36', '37', '39', '41', '42', '43', '45', '46', '49', '50', '51', '52', '54', '55', '56', '57', '59', '60', '64', '65', '68']
held_books ['0', '1', '2', '3', '4', '6', '7', '12', '13', '15', '16', '17', '18', '20', '22', '23', '25', '27', '28', '32', '33', '35', '38', '40', '44', '47', '48', '53', '58', '61', '62', '63', '66', '67', '69']
train frags 33 tokens 2963
held novel frags 25 novel tokens 415 masked tokens 2245
LMs loaded
train stream L 3059 real windows 2864
held stream L 487 real windows 340
full stream L 5330 real windows 4979
  [FULL-EN-free] restart 0: best_total=-10910.8 mean=-2.1914
  [FULL-EN-free] restart 1: best_total=-10991.8 mean=-2.2076
  [FULL-EN-free] restart 2: best_total=-11131.3 mean=-2.2357
  [FULL-EN-free] restart 3: best_total=-10861.4 mean=-2.1814
  [FULL-EN-free] restart 4: best_total=-10963.6 mean=-2.2020
  [FULL-EN-free] restart 5: best_total=-11034.2 mean=-2.2162
  [FULL-EN-free] restart 6: best_total=-10781.5 mean=-2.1654
  [FULL-EN-free] restart 7: best_total=-11109.9 mean=-2.2313
  [FULL-EN-free] restart 8: best_total=-10952.0 mean=-2.1996
  [FULL-EN-free] restart 9: best_total=-10789.5 mean=-2.1670
  [FULL-EN-free] restart 10: best_total=-11063.4 mean=-2.2220
  [FULL-EN-free] restart 11: best_total=-11070.3 mean=-2.2234
  [FULL-EN-free] restart 12: best_total=-10837.4 mean=-2.1766
  [FULL-EN-free] restart 13: best_total=-10984.0 mean=-2.2061
  [FULL-EN-free] restart 14: best_total=-11104.0 mean=-2.2302
  [FULL-EN-free] restart 15: best_total=-11034.6 mean=-2.2162
  [FULL-EN-free] restart 16: best_total=-10786.0 mean=-2.1663
  [FULL-EN-free] restart 17: best_total=-10857.4 mean=-2.1806
  [FULL-EN-free] restart 18: best_total=-11203.2 mean=-2.2501
  [FULL-EN-free] restart 19: best_total=-11015.8 mean=-2.2125
  [FULL-EN-free] restart 20: best_total=-11162.9 mean=-2.2420
  [FULL-EN-free] restart 21: best_total=-10960.8 mean=-2.2014
  [FULL-EN-free] restart 22: best_total=-10992.4 mean=-2.2078
  [FULL-EN-free] restart 23: best_total=-10935.3 mean=-2.1963
[FULL-EN-free] mean=-2.1654 cov=0.8438712179984484 covz=6.514121495572229
[FULL-EN-free] decrypt[0:400]: eseththeattsossesserththeothentheretesastoashaeearthheteethoshetatheseaaretthehethestheraresstoethereatethaththethostasstrethersaretheesttheseareatsheearatettheeartheartharetersttotheenthethehtotherethearrathsttherass|||seothehatehearetastensthethattestareherestheretheeasteathtereastestheseareatsheearatenteresetetetheertheththeserhosesetahoossesserththethertehohththerethrehteththtresteseahathehere
  [FULL-EN-pin] restart 0: best_total=-11315.1 mean=-2.2726
  [FULL-EN-pin] restart 1: best_total=-11145.5 mean=-2.2385
  [FULL-EN-pin] restart 2: best_total=-11293.5 mean=-2.2682
  [FULL-EN-pin] restart 3: best_total=-11294.1 mean=-2.2683
  [FULL-EN-pin] restart 4: best_total=-11179.8 mean=-2.2454
  [FULL-EN-pin] restart 5: best_total=-11410.1 mean=-2.2916
  [FULL-EN-pin] restart 6: best_total=-11100.2 mean=-2.2294
  [FULL-EN-pin] restart 7: best_total=-11207.7 mean=-2.2510
  [FULL-EN-pin] restart 8: best_total=-11182.3 mean=-2.2459
  [FULL-EN-pin] restart 9: best_total=-11279.3 mean=-2.2654
  [FULL-EN-pin] restart 10: best_total=-11155.3 mean=-2.2405
  [FULL-EN-pin] restart 11: best_total=-11419.1 mean=-2.2935
  [FULL-EN-pin] restart 12: best_total=-10992.2 mean=-2.2077
  [FULL-EN-pin] restart 13: best_total=-11290.4 mean=-2.2676
  [FULL-EN-pin] restart 14: best_total=-11684.7 mean=-2.3468
  [FULL-EN-pin] restart 15: best_total=-11204.2 mean=-2.2503
  [FULL-EN-pin] restart 16: best_total=-11284.2 mean=-2.2664
  [FULL-EN-pin] restart 17: best_total=-11147.1 mean=-2.2388
  [FULL-EN-pin] restart 18: best_total=-11237.2 mean=-2.2569
  [FULL-EN-pin] restart 19: best_total=-11338.3 mean=-2.2772
  [FULL-EN-pin] restart 20: best_total=-11068.1 mean=-2.2230
  [FULL-EN-pin] restart 21: best_total=-11272.3 mean=-2.2640
  [FULL-EN-pin] restart 22: best_total=-11156.6 mean=-2.2407
  [FULL-EN-pin] restart 23: best_total=-11164.6 mean=-2.2423
[FULL-EN-pin] mean=-2.2077 cov=0.7982932505818464 covz=6.600054728771235
[FULL-EN-pin] decrypt[0:400]: eatabthettasoeersethestheheherebegreeehethherhererthhetaethhtbritthearttheethehrtbettherthatethetterreatthearthethherheetheisthahrethateraretthereattothattotthertherethestattersteheretheheebehtherthenrethhearstatthets|||tehtherhethethtihththetheirhetreethehereathereasttheteearteartstataretthereattothattthethterteretheeristabtheterhosestrethheersethestheesthtethhththertarrestethastreeatathhatsthtet
  [FULL-DE-free] restart 0: best_total=-10222.4 mean=-2.0531
  [FULL-DE-free] restart 1: best_total=-9844.8 mean=-1.9773
  [FULL-DE-free] restart 2: best_total=-9918.4 mean=-1.9920
  [FULL-DE-free] restart 3: best_total=-10191.2 mean=-2.0468
  [FULL-DE-free] restart 4: best_total=-9891.1 mean=-1.9866
  [FULL-DE-free] restart 5: best_total=-9918.3 mean=-1.9920
  [FULL-DE-free] restart 6: best_total=-10050.6 mean=-2.0186
  [FULL-DE-free] restart 7: best_total=-9954.5 mean=-1.9993
  [FULL-DE-free] restart 8: best_total=-9953.2 mean=-1.9990
  [FULL-DE-free] restart 9: best_total=-9904.7 mean=-1.9893
  [FULL-DE-free] restart 10: best_total=-10058.8 mean=-2.0202
  [FULL-DE-free] restart 11: best_total=-9928.5 mean=-1.9941
  [FULL-DE-free] restart 12: best_total=-10058.1 mean=-2.0201
  [FULL-DE-free] restart 13: best_total=-10102.9 mean=-2.0291
  [FULL-DE-free] restart 14: best_total=-9967.5 mean=-2.0019
  [FULL-DE-free] restart 15: best_total=-9993.4 mean=-2.0071
  [FULL-DE-free] restart 16: best_total=-9995.3 mean=-2.0075
  [FULL-DE-free] restart 17: best_total=-10064.5 mean=-2.0214
  [FULL-DE-free] restart 18: best_total=-10193.9 mean=-2.0474
  [FULL-DE-free] restart 19: best_total=-9805.3 mean=-1.9693
  [FULL-DE-free] restart 20: best_total=-10023.8 mean=-2.0132
  [FULL-DE-free] restart 21: best_total=-9784.9 mean=-1.9652
  [FULL-DE-free] restart 22: best_total=-10100.9 mean=-2.0287
  [FULL-DE-free] restart 23: best_total=-10082.8 mean=-2.0251
[FULL-DE-free] mean=-1.9652 cov=None covz=None
[FULL-DE-free] decrypt[0:400]: neneinedinnnnddeinineindnnendreindenedndenndenneieininenreineieeineneriinnenedieeinenndeinendenneenneinninineeineindenddinneinnenerennedeneneineeineesindieseeineineneinneineinenennennenendeiniineendeineinnineneneinien|||nenindeneineinienneindeineenenndeinendereindedeinindeeineeendineneneneineeineesindieeneinenninereinneeineinednneinneineiennddeinineindeninnenenneeindeinennieneinieernneeiniteienien
  [FULL-DE-pin] restart 0: best_total=-10568.6 mean=-2.1226
  [FULL-DE-pin] restart 1: best_total=-10486.1 mean=-2.1061
  [FULL-DE-pin] restart 2: best_total=-10455.5 mean=-2.0999
  [FULL-DE-pin] restart 3: best_total=-10273.6 mean=-2.0634
  [FULL-DE-pin] restart 4: best_total=-10246.1 mean=-2.0579
  [FULL-DE-pin] restart 5: best_total=-10316.1 mean=-2.0719
  [FULL-DE-pin] restart 6: best_total=-10331.2 mean=-2.0750
  [FULL-DE-pin] restart 7: best_total=-10426.2 mean=-2.0940
  [FULL-DE-pin] restart 8: best_total=-10288.5 mean=-2.0664
  [FULL-DE-pin] restart 9: best_total=-10134.4 mean=-2.0354
  [FULL-DE-pin] restart 10: best_total=-10456.0 mean=-2.1000
  [FULL-DE-pin] restart 11: best_total=-10121.4 mean=-2.0328
  [FULL-DE-pin] restart 12: best_total=-10173.3 mean=-2.0432
  [FULL-DE-pin] restart 13: best_total=-10322.6 mean=-2.0732
  [FULL-DE-pin] restart 14: best_total=-10165.9 mean=-2.0418
  [FULL-DE-pin] restart 15: best_total=-10297.6 mean=-2.0682
  [FULL-DE-pin] restart 16: best_total=-10115.0 mean=-2.0315
  [FULL-DE-pin] restart 17: best_total=-10246.9 mean=-2.0580
  [FULL-DE-pin] restart 18: best_total=-10295.0 mean=-2.0677
  [FULL-DE-pin] restart 19: best_total=-10371.8 mean=-2.0831
  [FULL-DE-pin] restart 20: best_total=-10408.4 mean=-2.0905
  [FULL-DE-pin] restart 21: best_total=-10326.8 mean=-2.0741
  [FULL-DE-pin] restart 22: best_total=-10349.5 mean=-2.0786
  [FULL-DE-pin] restart 23: best_total=-10452.2 mean=-2.0992
[FULL-DE-pin] mean=-2.0315 cov=None covz=None
[FULL-DE-pin] decrypt[0:400]: eiinbenidedereeinenerenienieinebedieieneindeeneinnnederaendeibindeneienneeieninirbeineindeneeinennenindinenderneineeineeneeneieinneneaneideeindeindinennennerineineneineeinennennrenneereneiebenneneinneeineendeerinnenie|||einneienenendenndeineeinenennenenneieineineinineinneiinderneideraideeindeindinennennrennerenneiendeenneinbenieendreiniinnnneeinenerenineeieienneinneinndeneeneinderneeininnninenenei
DONE
