codes 99 books 70
train_books ['5', '8', '9', '10', '11', '14', '19', '21', '24', '26', '29', '30', '31', '34', '36', '37', '39', '41', '42', '43', '45', '46', '49', '50', '51', '52', '54', '55', '56', '57', '59', '60', '64', '65', '68']
held_books ['0', '1', '2', '3', '4', '6', '7', '12', '13', '15', '16', '17', '18', '20', '22', '23', '25', '27', '28', '32', '33', '35', '38', '40', '44', '47', '48', '53', '58', '61', '62', '63', '66', '67', '69']
train frags 33 tokens 2963
held novel frags 25 novel tokens 415 masked tokens 2245
LMs loaded
train stream L 3059 real windows 2864
held stream L 487 real windows 340
full stream L 5330 real windows 4979
DONE
  [MKV-101] restart 0: best_total=-6744.2 mean=-2.3548
  [MKV-101] restart 1: best_total=-6794.5 mean=-2.3724
  [MKV-101] restart 2: best_total=-6770.0 mean=-2.3638
  [MKV-101] restart 3: best_total=-6897.3 mean=-2.4083
  [MKV-101] restart 4: best_total=-6898.6 mean=-2.4087
  [MKV-101] restart 5: best_total=-6842.1 mean=-2.3890
  [MKV-101] restart 6: best_total=-6736.1 mean=-2.3520
  [MKV-101] restart 7: best_total=-6906.7 mean=-2.4116
  [MKV-101] restart 8: best_total=-6821.4 mean=-2.3818
  [MKV-101] restart 9: best_total=-6862.0 mean=-2.3959
  [MKV-101] restart 10: best_total=-6827.0 mean=-2.3837
  [MKV-101] restart 11: best_total=-6911.2 mean=-2.4131
  [MKV-101] restart 12: best_total=-6797.8 mean=-2.3736
  [MKV-101] restart 13: best_total=-6785.5 mean=-2.3692
  [MKV-101] restart 14: best_total=-6839.7 mean=-2.3882
  [MKV-101] restart 15: best_total=-6763.3 mean=-2.3615
  [MKV-101] restart 16: best_total=-6686.9 mean=-2.3348
  [MKV-101] restart 17: best_total=-6840.2 mean=-2.3883
  [MKV-101] restart 18: best_total=-6761.0 mean=-2.3607
  [MKV-101] restart 19: best_total=-6864.7 mean=-2.3969
  [MKV-101] restart 20: best_total=-6819.9 mean=-2.3812
  [MKV-101] restart 21: best_total=-6846.0 mean=-2.3904
  [MKV-101] restart 22: best_total=-6796.2 mean=-2.3730
  [MKV-101] restart 23: best_total=-6870.0 mean=-2.3987
[MKV-101] train_mean=-2.3348 held z=8.01 p=0.0000
[MKV-101] train decrypt: eareteetrhrethereerthhessthereshssehersarehessereatthteresttheaessettthhehereshreeseresteherhehehereathethesthatthehethreartheetetseesahreasarhereheersthhteathe
  [MKV-202] restart 0: best_total=-6825.0 mean=-2.3830
  [MKV-202] restart 1: best_total=-6775.5 mean=-2.3658
  [MKV-202] restart 2: best_total=-6745.7 mean=-2.3553
  [MKV-202] restart 3: best_total=-6762.4 mean=-2.3612
  [MKV-202] restart 4: best_total=-6717.9 mean=-2.3456
  [MKV-202] restart 5: best_total=-6813.3 mean=-2.3789
  [MKV-202] restart 6: best_total=-6702.6 mean=-2.3403
  [MKV-202] restart 7: best_total=-6786.3 mean=-2.3695
  [MKV-202] restart 8: best_total=-6731.5 mean=-2.3504
  [MKV-202] restart 9: best_total=-6712.6 mean=-2.3438
  [MKV-202] restart 10: best_total=-6681.3 mean=-2.3329
  [MKV-202] restart 11: best_total=-6649.5 mean=-2.3218
  [MKV-202] restart 12: best_total=-6794.3 mean=-2.3723
  [MKV-202] restart 13: best_total=-6809.8 mean=-2.3777
  [MKV-202] restart 14: best_total=-6770.1 mean=-2.3639
  [MKV-202] restart 15: best_total=-6755.0 mean=-2.3586
  [MKV-202] restart 16: best_total=-6761.3 mean=-2.3608
  [MKV-202] restart 17: best_total=-6711.7 mean=-2.3435
  [MKV-202] restart 18: best_total=-6745.7 mean=-2.3553
  [MKV-202] restart 19: best_total=-6866.9 mean=-2.3977
  [MKV-202] restart 20: best_total=-6900.5 mean=-2.4094
  [MKV-202] restart 21: best_total=-6710.7 mean=-2.3431
  [MKV-202] restart 22: best_total=-6882.2 mean=-2.4030
  [MKV-202] restart 23: best_total=-6724.0 mean=-2.3478
[MKV-202] train_mean=-2.3218 held z=7.92 p=0.0000
[MKV-202] train decrypt: eerttheethhstareherathethestetshersttteteratesteatesethhattheheatheeshatherethatheseaterettththettesthathereeshetthehethattheatheteaaerethttteestthattatharesrsa
  [MKV-303] restart 0: best_total=-6778.5 mean=-2.3668
  [MKV-303] restart 1: best_total=-6821.1 mean=-2.3817
  [MKV-303] restart 2: best_total=-6901.5 mean=-2.4097
  [MKV-303] restart 3: best_total=-6783.9 mean=-2.3687
  [MKV-303] restart 4: best_total=-6891.3 mean=-2.4062
  [MKV-303] restart 5: best_total=-6944.4 mean=-2.4247
  [MKV-303] restart 6: best_total=-6862.9 mean=-2.3963
  [MKV-303] restart 7: best_total=-6786.2 mean=-2.3695
  [MKV-303] restart 8: best_total=-6881.1 mean=-2.4026
  [MKV-303] restart 9: best_total=-6858.0 mean=-2.3945
  [MKV-303] restart 10: best_total=-6799.0 mean=-2.3740
  [MKV-303] restart 11: best_total=-6815.9 mean=-2.3798
  [MKV-303] restart 12: best_total=-6840.8 mean=-2.3886
  [MKV-303] restart 13: best_total=-6836.7 mean=-2.3871
  [MKV-303] restart 14: best_total=-6753.3 mean=-2.3580
  [MKV-303] restart 15: best_total=-6747.8 mean=-2.3561
  [MKV-303] restart 16: best_total=-6759.8 mean=-2.3603
  [MKV-303] restart 17: best_total=-6895.1 mean=-2.4075
  [MKV-303] restart 18: best_total=-6823.5 mean=-2.3825
  [MKV-303] restart 19: best_total=-6828.6 mean=-2.3843
  [MKV-303] restart 20: best_total=-6840.7 mean=-2.3885
  [MKV-303] restart 21: best_total=-6874.4 mean=-2.4003
  [MKV-303] restart 22: best_total=-6891.5 mean=-2.4062
  [MKV-303] restart 23: best_total=-6756.2 mean=-2.3590
[MKV-303] train_mean=-2.3561 held z=5.80 p=0.0000
[MKV-303] train decrypt: ttttotereeerthhethttthetththereehestrerteeerrthtoeseteesthrhtesrrheshetetrethereheethersththhthhsenthhthesetatheetheestheeetttthethhthsheetrererstthtthineeshets
DONE
