[load] sheet__books deduped rows: 70
[load] total digits: 11263
[load] probe books: 70
[dedup] books contained in another book: 20; deduped set: 50 books, 8489 digits

=== FULL CORPUS (70 books, 11263 digits) ===
CANON(2d+ins)      K= 100 ntok= 5729 stream=35584.6 cb=524.2 ins=627.1 TOTAL=36736.0 bits  (3.2616 b/d)
FIX1               K=  10 ntok=11263 stream=36822.9 cb=79.3 TOTAL=36902.2 bits  (3.2764 b/d)
MIXA1(00-99,1-9)   K= 109 ntok= 5892 stream=34267.7 cb=509.6 TOTAL=34777.3 bits  (3.0877 b/d)
MIXA2(+'0')        K= 110 ntok= 6004 stream=34383.0 cb=512.8 TOTAL=34895.8 bits  (3.0983 b/d)
[learned sweep, full corpus]
  [full] K= 628 ntok= 3963 stream=  29658.2 cb= 1090.7 total=  30748.9 b/d=2.7301
  [full] K= 628 ntok= 3963 stream=  29652.2 cb= 1090.7 total=  30742.9 b/d=2.7295
  [full] K= 600 ntok= 3964 stream=  29586.3 cb= 1099.4 total=  30685.7 b/d=2.7245
  [full] K= 451 ntok= 3964 stream=  29287.2 cb= 1076.4 total=  30363.6 b/d=2.6959
  [full] K= 351 ntok= 3964 stream=  29068.0 cb=  994.0 total=  30062.0 b/d=2.6691
  [full] K= 281 ntok= 3962 stream=  28903.1 cb=  900.8 total=  29804.0 b/d=2.6462
  [full] K= 222 ntok= 4008 stream=  28971.4 cb=  796.3 total=  29767.7 b/d=2.6430
  [full] K= 180 ntok= 4080 stream=  29052.2 cb=  704.9 total=  29757.1 b/d=2.6420
  [full] K= 150 ntok= 4269 stream=  29530.4 cb=  629.4 total=  30159.7 b/d=2.6778
  [full] K= 130 ntok= 4599 stream=  30257.0 cb=  573.6 total=  30830.6 b/d=2.7373
  [full] K= 110 ntok= 4810 stream=  30501.5 cb=  512.8 total=  31014.3 b/d=2.7536
  [full] K=  95 ntok= 5174 stream=  31020.2 cb=  463.4 total=  31483.6 b/d=2.7953
  [full] K=  80 ntok= 5499 stream=  31355.7 cb=  410.3 total=  31765.9 b/d=2.8204
  [full] K=  65 ntok= 5821 stream=  31585.3 cb=  352.8 total=  31938.1 b/d=2.8357
  [full] K=  50 ntok= 6497 stream=  32146.4 cb=  290.0 total=  32436.4 b/d=2.8799
  [full] K=  40 ntok= 6981 stream=  32720.5 cb=  244.5 total=  32965.0 b/d=2.9268
  [full] K=  30 ntok= 7786 stream=  33480.7 cb=  195.2 total=  33675.9 b/d=2.9900
  [full] K=  25 ntok= 8269 stream=  34108.7 cb=  168.8 total=  34277.5 b/d=3.0434
  [full] K=  20 ntok= 9157 stream=  34690.2 cb=  141.0 total=  34831.2 b/d=3.0925
  [full] K=  15 ntok= 9966 stream=  35364.8 cb=  111.4 total=  35476.2 b/d=3.1498
  [full] K=  12 ntok=10538 stream=  36092.0 cb=   92.5 total=  36184.4 b/d=3.2127
  [full] K=  10 ntok=11263 stream=  36822.9 cb=   79.3 total=  36902.2 b/d=3.2764
LEARNED best       K= 180 ntok= 4080 stream=29052.2 cb=704.9 TOTAL=29757.1 bits  (2.6420 b/d)
LEARNED K<=110     K= 110 ntok= 4810 stream=30501.5 cb=512.8 TOTAL=31014.3 bits  (2.7536 b/d)
LEARNED best lexicon prefix-free: False; K<=110 lexicon prefix-free: False
LEARNED best top-30 codewords by prob: ['45', '219', '118', '19', '611', '145', '727', '889', '895', '857', '672', '646', '364', '128', '191', '003', '830', '521', '99', '5', '601', '7', '8', '180', '651', '464', '6', '894', '800', '434']
10-gram reuse: CANON=0.7694 (n=5099)  MIXA1=0.8219 (n=5262)  LEARNEDbest=0.7528 (n=3450)  LEARNED<=110=0.7835 (n=4180)

=== DEDUPED CORPUS (50 books, 8489 digits) ===
CANON(2d+ins)      K= 100 ntok= 4314 stream=26864.5 cb=524.2 ins=455.7 TOTAL=27844.4 bits  (3.2801 b/d)
FIX1               K=  10 ntok= 8489 stream=27766.9 cb=79.3 TOTAL=27846.2 bits  (3.2803 b/d)
MIXA1              K= 109 ntok= 4522 stream=25991.0 cb=509.6 TOTAL=26500.6 bits  (3.1218 b/d)
[learned sweep, deduped corpus]
LEARNED best       K= 180 ntok= 3088 stream=22143.1 cb=704.9 TOTAL=22847.9 bits  (2.6915 b/d)
LEARNED K<=110     K= 110 ntok= 3626 stream=22900.0 cb=512.8 TOTAL=23412.7 bits  (2.7580 b/d)
10-gram reuse (dedup): CANON=0.7086 (n=3864)  LEARNEDbest=0.6691 (n=2638)

=== SHUFFLE CONTROLS (per-book digit shuffles, full corpus) ===
  shuffle  0: MIXA1=37946.9  LEARNEDbest=36926.5 (K=12)
  shuffle  1: MIXA1=37955.4  LEARNEDbest=36926.5 (K=12)
  shuffle  2: MIXA1=37816.7  LEARNEDbest=36926.5 (K=12)
  shuffle  3: MIXA1=37961.0  LEARNEDbest=36926.5 (K=12)
  shuffle  4: MIXA1=37922.9  LEARNEDbest=36926.5 (K=12)
  shuffle  5: MIXA1=37949.2  LEARNEDbest=36926.5 (K=12)
  shuffle  6: MIXA1=37883.2  LEARNEDbest=36926.5 (K=12)
  shuffle  7: MIXA1=37874.8  LEARNEDbest=36926.5 (K=12)
  shuffle  8: MIXA1=37869.1  LEARNEDbest=36926.5 (K=12)
  shuffle  9: MIXA1=37842.6  LEARNEDbest=36926.5 (K=12)
  shuffle 10: MIXA1=37961.3  LEARNEDbest=36926.5 (K=12)
  shuffle 11: MIXA1=37939.8  LEARNEDbest=36926.5 (K=12)
  shuffle 12: MIXA1=37879.5  LEARNEDbest=36926.5 (K=12)
  shuffle 13: MIXA1=37968.4  LEARNEDbest=36926.5 (K=12)
  shuffle 14: MIXA1=37908.1  LEARNEDbest=36926.5 (K=12)
  shuffle 15: MIXA1=37880.2  LEARNEDbest=36926.5 (K=12)
  shuffle 16: MIXA1=37944.9  LEARNEDbest=36926.5 (K=12)
  shuffle 17: MIXA1=37948.8  LEARNEDbest=36926.5 (K=12)
  shuffle 18: MIXA1=37928.5  LEARNEDbest=36926.5 (K=12)
  shuffle 19: MIXA1=37928.1  LEARNEDbest=36926.5 (K=12)

shuffle LEARNEDbest: mean=36926.5 sd=0.0; real=29757.1; z=-77698847872676.30
shuffle MIXA1:       mean=37915.5 sd=43.6; real=34777.3; z=-71.93

=== SUMMARY (bits, bits/digit over full corpus) ===
CANON               36736.0  3.2616
FIX1                36902.2  3.2764
MIXA1               34777.3  3.0877
MIXA2               34895.8  3.0983
LEARNED_best        29757.1  2.6420
LEARNED_K<=110      31014.3  2.7536

DELTA (LEARNED_best - CANON) = -6978.9 bits (-0.6196 b/d)
COMPETITOR WINS -- INVESTIGATE
