[data] rows fetched: 70
[data] baselen sum=5729 digitslen sum=11263 insertedzeros sum=195 cluster0 count=47 n_clusters=15
[dict] 233073 words len>=4 loaded

=== sequence-channel results (ordering | sequence | decoding) ===
ordering             sequence             decoding         wHit wMax     w_p    w_z    triZ   tri_p flag
bookid_order         baselen              a1z26_1based        0    7  1.0000  -0.71   -0.43  0.6653 
bookid_order         baselen              a1z26_0based        2    4  0.1918   1.41    0.76  0.2288 
bookid_order         baselen              ascii_direct        0    2  1.0000  -0.26   -0.90  0.8052 
bookid_order         baselen              digitpair_ascii     0    1  1.0000  -0.18    0.14  0.8841 
bookid_order         digitslen            a1z26_1based        1    5  0.5185   0.28    0.05  0.4865 
bookid_order         digitslen            a1z26_0based        0    6  1.0000  -0.95   -0.83  0.7882 
bookid_order         digitslen            ascii_direct        0    0  1.0000   0.00   -0.11  1.0000 
bookid_order         digitslen            digitpair_ascii     0    0  1.0000   0.00   -0.41  1.0000 
bookid_order         insertedzeros        a1z26_1based        3    8  0.3806   0.48    1.27  0.1009 
bookid_order         insertedzeros        a1z26_0based        0    4  1.0000  -0.80    0.91  0.1778 
bookid_order         insertedzeros        ascii_direct        0    0  1.0000   0.00    0.00  1.0000 
bookid_order         insertedzeros        digitpair_ascii     0    0  1.0000   0.00    0.00  1.0000 
bookid_order         clusterid            a1z26_1based        0    3  1.0000  -0.73    0.20  0.4266 
bookid_order         clusterid            a1z26_0based        1    8  0.7832  -0.51   -0.69  0.7552 
bookid_order         clusterid            ascii_direct        0    0  1.0000   0.00    0.00  1.0000 
bookid_order         clusterid            digitpair_ascii     0    0  1.0000   0.00    0.00  1.0000 
bookid_order         diff_baselen         a1z26_1based        0    5  1.0000  -0.81    0.52  0.3187 
bookid_order         diff_baselen         a1z26_0based        0    5  1.0000  -0.81    0.22  0.3986 
bookid_order         diff_baselen         ascii_direct        0    0  1.0000   0.00    0.00  1.0000 
bookid_order         diff_baselen         digitpair_ascii     0    1  1.0000  -0.05   -0.99  1.0000 
bookid_order         diff_digitslen       a1z26_1based        1    4  0.5335   0.17    0.16  0.4206 
bookid_order         diff_digitslen       a1z26_0based        2    7  0.1918   1.14   -0.45  0.6583 
bookid_order         diff_digitslen       ascii_direct        0    0  1.0000   0.00    0.00  1.0000 
bookid_order         diff_digitslen       digitpair_ascii     0    1  1.0000  -0.03   -0.64  1.0000 
bookid_order         digitsum_baselen     a1z26_1based        1    5  0.5614   0.22    0.57  0.2937 
bookid_order         digitsum_baselen     a1z26_0based        0    5  1.0000  -1.09   -1.21  0.8961 
bookid_order         digitsum_baselen     ascii_direct        0    0  1.0000   0.00    0.00  1.0000 
bookid_order         digitsum_baselen     digitpair_ascii     0    0  1.0000   0.00   -0.26  1.0000 
bookid_order         digitsum_digitslen   a1z26_1based        1    5  0.5694   0.18   -0.71  0.7692 
bookid_order         digitsum_digitslen   a1z26_0based        1    6  0.5385   0.28    1.19  0.1259 
bookid_order         digitsum_digitslen   ascii_direct        0    0  1.0000   0.00    0.00  1.0000 
bookid_order         digitsum_digitslen   digitpair_ascii     0    0  1.0000   0.00   -0.58  1.0000 
cluster_then_bookid  baselen              a1z26_1based        0    5  1.0000  -0.72    0.27  0.3676 
cluster_then_bookid  baselen              a1z26_0based        2    5  0.1808   1.42    0.19  0.4176 
cluster_then_bookid  baselen              ascii_direct        0    2  1.0000  -0.22   -1.66  0.9680 
cluster_then_bookid  baselen              digitpair_ascii     0    1  1.0000  -0.18    0.09  0.9810 
cluster_then_bookid  digitslen            a1z26_1based        1    6  0.5245   0.26   -0.87  0.8082 
cluster_then_bookid  digitslen            a1z26_0based        1    5  0.6274   0.02    0.03  0.4935 
cluster_then_bookid  digitslen            ascii_direct        0    0  1.0000   0.00   -0.10  1.0000 
cluster_then_bookid  digitslen            digitpair_ascii     0    0  1.0000   0.00   -0.41  1.0000 
cluster_then_bookid  insertedzeros        a1z26_1based        1   10  0.8621  -0.72   -0.74  0.7702 
cluster_then_bookid  insertedzeros        a1z26_0based        0    5  1.0000  -0.84    0.61  0.2737 
cluster_then_bookid  insertedzeros        ascii_direct        0    0  1.0000   0.00    0.00  1.0000 
cluster_then_bookid  insertedzeros        digitpair_ascii     0    0  1.0000   0.00    0.00  1.0000 
cluster_then_bookid  clusterid            a1z26_1based        0    3  1.0000  -0.74   -1.35  0.9081 
cluster_then_bookid  clusterid            a1z26_0based        0    8  1.0000  -1.22   -5.78  1.0000 
cluster_then_bookid  clusterid            ascii_direct        0    0  1.0000   0.00    0.00  1.0000 
cluster_then_bookid  clusterid            digitpair_ascii     0    0  1.0000   0.00    0.00  1.0000 
cluster_then_bookid  diff_baselen         a1z26_1based        0    6  1.0000  -0.82    0.44  0.3217 
cluster_then_bookid  diff_baselen         a1z26_0based        1    5  0.5005   0.26    0.24  0.3776 
cluster_then_bookid  diff_baselen         ascii_direct        0    0  1.0000   0.00    0.00  1.0000 
cluster_then_bookid  diff_baselen         digitpair_ascii     0    2  1.0000  -0.07   -1.08  1.0000 
cluster_then_bookid  diff_digitslen       a1z26_1based        1    7  0.5175   0.20   -0.47  0.6683 
cluster_then_bookid  diff_digitslen       a1z26_0based        2    6  0.2208   1.10    1.11  0.1429 
cluster_then_bookid  diff_digitslen       ascii_direct        0    0  1.0000   0.00   -0.03  1.0000 
cluster_then_bookid  diff_digitslen       digitpair_ascii     0    0  1.0000   0.00   -0.60  1.0000 
cluster_then_bookid  digitsum_baselen     a1z26_1based        1    5  0.5604   0.23   -0.12  0.5285 
cluster_then_bookid  digitsum_baselen     a1z26_0based        0    6  1.0000  -1.00   -1.47  0.9351 
cluster_then_bookid  digitsum_baselen     ascii_direct        0    0  1.0000   0.00    0.00  1.0000 
cluster_then_bookid  digitsum_baselen     digitpair_ascii     0    0  1.0000   0.00   -0.27  1.0000 
cluster_then_bookid  digitsum_digitslen   a1z26_1based        0    5  1.0000  -0.94   -1.19  0.8931 
cluster_then_bookid  digitsum_digitslen   a1z26_0based        0    5  1.0000  -0.87    1.18  0.1269 
cluster_then_bookid  digitsum_digitslen   ascii_direct        0    0  1.0000   0.00    0.00  1.0000 
cluster_then_bookid  digitsum_digitslen   digitpair_ascii     0    1  1.0000  -0.03   -0.60  1.0000 

[summary] 64 sequence tests, 0 exceeded permutation max

=== cluster-0 membership binary channel ===
bits: 1111110011110010010100100001110111011100111111111011110001110111011111
bacon_1isB   '?TZFEHO????HO?'  wHit=0 (permMax=1, p=1.0000) tri_p=0.1878 
bacon_0isB   'AMG??YRDABBYRA'  wHit=3 (permMax=4, p=0.0080) tri_p=0.0460 
ascii7       '~<J!ns.<;_'  wHit=0 (permMax=1, p=1.0000) tri_p=1.0000 
ascii7_inv   '.C5^...CD '  wHit=0 (permMax=1, p=1.0000) tri_p=1.0000 

=== decoded strings for any flagged tests (manual inspection) ===
(none)

=== sample observed decodings (bookid order) ===
baselen              a1z26_1based   'VULSSHMCASNRRSPTKIUNFKRLHRIKVXYWQPKPQCODHQQSLWYMGHUFRGCGDNIHXVLKXGCXUT'
baselen              ascii_direct   'J/ZGG.[7O..FFGDHY./B YFZ<.W?JLM.ED?.EQC.VE_G@K.AU<I.F..;.v..LJ@?LUk2IH'
digitslen            a1z26_1based   'NNUJJMSBYHUGGKCMRNOYKTGUOINTPUTNGDSZGDDGLFEKVSSVMKKHGKELFVLLUOVVUMBTMJ'
digitslen            ascii_direct   '.\.....j..........].?...w#.|......{....;....~..~.s....9t......~~...b..'
insertedzeros        a1z26_1based   'DBCBBCGDCDGCCACADDACABCCAADBBADFABCFABZADBCABAEDAEEDCCABBFFDACBZAADBCD'
insertedzeros        ascii_direct   '......................................................................'
clusterid            a1z26_1based   'ZZZZZZGHZZZZABZCCZIZDAZJKEAZZZAZZZLZZZBEZZZZZZZZZMZZZZDNBZZZFZZZFZZZZZ'
clusterid            ascii_direct   '......................................................................'
diff_baselen         a1z26_1based   'YQGZOEPXRUDZAWDQXLSREGTVJQBKBAXTYUEALLODIZBSKBNTAMKLOVDWJUYPXPYMIVUWY'
diff_baselen         ascii_direct   '.+..C...F.......2...9....E....2...S....8.....6....?.C..K.............'
diff_digitslen       a1z26_1based   'ZGOZCFIWIMLZDRJEVAJLIMNTTEFVEYTSWOGGWZCETYFKWZCQXZWYDTGTPPZITGZYRORSW'
diff_digitslen       ascii_direct   '.U.....1........d.$.q.(.......b........m.3...h.+......;..*.......).-.'
digitsum_baselen     a1z26_1based   'KKIHHLJJPNIGGHNIQMKLEQGIFIOIKMNJONIKOIMCNONHJLLKMFJJGKKNHJMLMKJIMMHEJI'
digitsum_baselen     ascii_direct   '......................................................................'
digitsum_digitslen   a1z26_1based   'IKOEELMGKOKKKFGHLMLLINKOKHHGKGFNKHFPKGHNOJPFINJIPGFPKJLHNEKKGJIIGPCQHE'
digitsum_digitslen   ascii_direct   '......................................................................'
