(book,symbol) sequences with >=2 occurrences: 657

pooled same-code rate by occurrence gap g (within book,symbol):
  g=1: obs=750/4863=0.1542 perm=739.4+-20.3 z=+0.52
  g=2: obs=619/4206=0.1472 perm=608.5+-20.3 z=+0.52
  g=3: obs=506/3620=0.1398 perm=495.3+-18.8 z=+0.57
  g=4: obs=397/3097=0.1282 perm=404.0+-17.2 z=-0.40
  g=5: obs=282/2630=0.1072 perm=327.2+-14.7 z=-3.08

per-symbol g=1 same-code repeat:
  A: obs=68/418=0.163 perm_rate=0.169 z=-0.45
  B: obs=59/127=0.465 perm_rate=0.464 z=+0.03
  C: obs=6/16=0.375 perm_rate=0.366 z=+0.17
  E: obs=73/920=0.079 perm_rate=0.092 z=-1.50
  F: obs=123/495=0.248 perm_rate=0.230 z=+1.16
  I: obs=94/1087=0.086 perm_rate=0.089 z=-0.34
  L: obs=40/146=0.274 perm_rate=0.255 z=+0.77
  N: obs=119/638=0.187 perm_rate=0.136 z=+4.46
  R: obs=5/10=0.500 perm_rate=0.470 z=+0.66
  S: obs=63/178=0.354 perm_rate=0.429 z=-2.46
  T: obs=56/525=0.107 perm_rate=0.108 z=-0.12
  V: obs=44/303=0.145 perm_rate=0.154 z=-0.48
