
=== rotation test [ALL SYMBOLS] (NPERM=1000, seed 13579) ===
d=1: obs=92/555 perm=72.8+-7.4 z=+2.58 p(<=)=0.9960 p(>=)=0.0050
d=2: obs=24/574 perm=69.4+-7.1 z=-6.40 p(<=)=0.0000 p(>=)=1.0000
d=3: obs=41/749 perm=96.1+-8.4 z=-6.52 p(<=)=0.0000 p(>=)=1.0000
d=4: obs=88/663 perm=87.8+-8.4 z=+0.03 p(<=)=0.5500 p(>=)=0.4920
d=5: obs=146/708 perm=95.2+-8.6 z=+5.93 p(<=)=1.0000 p(>=)=0.0000
d=6: obs=87/612 perm=73.9+-7.8 z=+1.67 p(<=)=0.9570 p(>=)=0.0550

=== rotation test [EXCL *,N,B] (NPERM=1000, seed 13579) ===
d=1: obs=54/474 perm=53.8+-6.8 z=+0.03 p(<=)=0.5380 p(>=)=0.5230
d=2: obs=13/498 perm=58.9+-7.1 z=-6.49 p(<=)=0.0000 p(>=)=1.0000
d=3: obs=26/693 perm=87.6+-8.2 z=-7.55 p(<=)=0.0000 p(>=)=1.0000
d=4: obs=63/578 perm=73.3+-7.5 z=-1.37 p(<=)=0.0920 p(>=)=0.9320
d=5: obs=114/586 perm=72.9+-7.4 z=+5.58 p(<=)=1.0000 p(>=)=0.0000
d=6: obs=79/517 perm=59.1+-6.7 z=+2.95 p(<=)=0.9990 p(>=)=0.0020

=== per-symbol d<=3 (500 perms) ===
A: pairs=93 obs=17 perm=15.3+-3.5 z=+0.49
B: pairs=21 obs=19 perm=13.7+-1.8 z=+2.94
E: pairs=475 obs=12 perm=46.5+-6.2 z=-5.61
F: pairs=181 obs=26 perm=38.1+-5.2 z=-2.32
I: pairs=657 obs=22 perm=57.1+-6.9 z=-5.11
L: pairs=9 obs=2 perm=2.2+-1.2 z=-0.19
N: pairs=192 obs=45 perm=25.1+-4.2 z=+4.76
S: pairs=38 obs=0 perm=14.3+-3.1 z=-4.61
T: pairs=140 obs=14 perm=15.2+-3.5 z=-0.35
V: pairs=72 obs=0 perm=11.1+-3.0 z=-3.73

=== occurrence-gap control (NPERM=1000) ===
g=1: obs=750/4863=0.1542 perm=741.1+-21.0 z=+0.42
g=2: obs=619/4206=0.1472 perm=607.1+-19.4 z=+0.62
g=3: obs=506/3620=0.1398 perm=495.3+-17.8 z=+0.60
g=4: obs=397/3097=0.1282 perm=403.4+-17.5 z=-0.36
g=5: obs=282/2630=0.1072 perm=327.3+-15.6 z=-2.90
