codes: 99 bigram types: 814 bigram tokens: 5659

key: obs vs order-1 envelope (200 corpora, seed 987654321)
t3       obs=  13.0000 synth=22.0150+-4.5196 range[10.0000,34.0000] z=-1.99 tail_p=0.020 inside=True
t4       obs=   0.0000 synth=0.1200+-0.3692 range[0.0000,2.0000] z=-0.33 tail_p=0.895 inside=True
chi      obs= 126.8367 synth=138.3184+-24.3533 range[81.0442,231.6962] z=-0.47 tail_p=0.330 inside=True
chi10    obs=  65.6774 synth=88.6628+-28.9766 range[34.5433,170.5858] z=-0.79 tail_p=0.245 inside=True
mp1      obs=   0.0945 synth=0.0935+-0.0023 range[0.0863,0.0994] z=+0.45 tail_p=0.330 inside=True
mp2      obs=   0.1112 synth=0.1136+-0.0034 range[0.1048,0.1236] z=-0.71 tail_p=0.245 inside=True
mp3      obs=   0.1050 synth=0.0956+-0.0029 range[0.0871,0.1041] z=+3.24 tail_p=0.000 inside=False
mp4      obs=   0.0951 synth=0.1028+-0.0033 range[0.0959,0.1115] z=-2.38 tail_p=0.000 inside=False
mp5      obs=   0.1011 synth=0.0985+-0.0029 range[0.0910,0.1061] z=+0.86 tail_p=0.195 inside=True
mp6      obs=   0.0931 synth=0.1070+-0.0033 range[0.0969,0.1170] z=-4.19 tail_p=0.000 inside=False
mp7      obs=   0.1122 synth=0.1113+-0.0033 range[0.1032,0.1232] z=+0.27 tail_p=0.380 inside=True
mp8      obs=   0.1118 synth=0.1077+-0.0033 range[0.0985,0.1174] z=+1.24 tail_p=0.090 inside=True
z1       obs=  -4.7003 synth=-5.0879+-0.7810 range[-7.4246,-3.0904] z=+0.50 tail_p=0.320 inside=True
z3       obs=  -1.1135 synth=-4.3262+-0.9185 range[-7.0531,-1.5480] z=+3.50 tail_p=0.000 inside=False
z4       obs=  -4.4764 synth=-1.8893+-1.0922 range[-4.0900,0.9447] z=-2.37 tail_p=0.000 inside=False
z6       obs=  -5.1180 synth=-0.4903+-1.0834 range[-3.6561,3.0354] z=-4.27 tail_p=0.000 inside=False
rep1     obs=   0.0163 synth=0.0163+-0.0019 range[0.0118,0.0212] z=-0.01 tail_p=0.490 inside=True
rep2     obs=   0.0043 synth=0.0080+-0.0014 range[0.0038,0.0122] z=-2.59 tail_p=0.005 inside=True
rep3     obs=   0.0074 synth=0.0167+-0.0022 range[0.0116,0.0226] z=-4.23 tail_p=0.000 inside=False
tens1    obs=   0.1060 synth=0.1059+-0.0040 range[0.0960,0.1209] z=+0.04 tail_p=0.455 inside=True
tens2    obs=   0.1052 synth=0.0979+-0.0045 range[0.0870,0.1100] z=+1.61 tail_p=0.050 inside=True
tens3    obs=   0.0855 synth=0.1039+-0.0045 range[0.0922,0.1167] z=-4.09 tail_p=0.000 inside=False
units1   obs=   0.1193 synth=0.1190+-0.0046 range[0.1071,0.1302] z=+0.05 tail_p=0.500 inside=True
units2   obs=   0.0836 synth=0.1048+-0.0046 range[0.0927,0.1183] z=-4.64 tail_p=0.000 inside=False
units3   obs=   0.0933 synth=0.1086+-0.0044 range[0.0975,0.1207] z=-3.44 tail_p=0.000 inside=False
